Added Parameter Price (Rials)= to Part C1
Added Parameter Price (Rials)= to Part C2
Added Parameter Price (Rials)= to Part C3
Added Parameter Price (Rials)= to Part C4
Added Parameter Price (Rials)= to Part C5
Added Parameter Price (Rials)= to Part D1
Added Parameter Price (Rials)= to Part J1
Added Parameter Price (Rials)= to Part J2
Added Parameter Price (Rials)= to Part J3
Added Parameter Price (Rials)= to Part J4
Added Parameter Price (Rials)= to Part K1
Added Parameter Price (Rials)= to Part Q1
Added Parameter Price (Rials)= to Part Q2
Added Parameter Price (Rials)= to Part R2
Added Parameter Price (Rials)= to Part R3
Added Parameter Price (Rials)= to Part R4
Added Parameter Price (Rials)= to Part R5
Added Parameter Price (Rials)= to Part R6
Added Parameter Price (Rials)= to Part R7
Added Parameter Price (Rials)= to Part R8
Added Parameter Price (Rials)= to Part R9
Added Parameter Price (Rials)= to Part R10
Added Parameter Price (Rials)= to Part R11
Added Parameter Price (Rials)= to Part R12
Added Parameter Price (Rials)= to Part U1
Added Parameter Price (Rials)= to Part U2
